[2024-09-14 02:02:57,323: INFO: common: Read yaml file from config\config.yaml]
[2024-09-14 02:02:57,565: INFO: common: Read yaml file from params.yaml]
[2024-09-14 02:02:57,592: INFO: common: Created directory artifacts]
[2024-09-14 02:02:57,597: INFO: common: Created directory artifacts/data_ingestion]
[2024-09-14 02:03:26,817: INFO: common: Read yaml file from config\config.yaml]
[2024-09-14 02:03:26,822: INFO: common: Read yaml file from params.yaml]
[2024-09-14 02:03:26,873: INFO: common: Created directory artifacts]
[2024-09-14 02:03:26,876: INFO: common: Created directory artifacts/data_ingestion]
[2024-09-14 02:03:31,910: INFO: common: Read yaml file from config\config.yaml]
[2024-09-14 02:03:31,913: INFO: common: Read yaml file from params.yaml]
[2024-09-14 02:03:31,950: INFO: common: Created directory artifacts]
[2024-09-14 02:03:31,956: INFO: common: Created directory artifacts/data_ingestion]
[2024-09-14 02:03:43,727: INFO: common: Read yaml file from config\config.yaml]
[2024-09-14 02:03:43,732: INFO: common: Read yaml file from params.yaml]
[2024-09-14 02:03:43,735: INFO: common: Created directory artifacts]
[2024-09-14 02:03:43,737: INFO: common: Created directory artifacts/data_ingestion]
[2024-09-14 02:07:31,223: INFO: common: Read yaml file from config\config.yaml]
[2024-09-14 02:07:31,227: INFO: common: Read yaml file from params.yaml]
[2024-09-14 02:07:31,230: INFO: common: Created directory artifacts]
[2024-09-14 02:07:31,233: INFO: common: Created directory artifacts/data_ingestion]
[2024-09-14 02:09:34,899: INFO: common: Read yaml file from config\config.yaml]
[2024-09-14 02:09:34,902: INFO: common: Read yaml file from params.yaml]
[2024-09-14 02:09:34,905: INFO: common: Created directory artifacts]
[2024-09-14 02:09:34,907: INFO: common: Created directory artifacts/data_ingestion]
[2024-09-14 02:09:40,365: INFO: 3045281734: Downloaded file from artifacts/data_ingestion/data.zip to artifacts/data_ingestion/data.zip]
